C51 COMPILER V9.52.0.0   UART                                                              11/16/2016 13:22:41 PAGE 1   


C51 COMPILER V9.52.0.0, COMPILATION OF MODULE UART
OBJECT MODULE PLACED IN ..\out\uart.obj
COMPILER INVOKED BY: C:\Program Files\kile\C51\BIN\C51.EXE ..\src\uart.c OPTIMIZE(8,SPEED) BROWSE INCDIR(..\inc;..\prj;.
                    -.\src) DEBUG OBJECTEXTEND PRINT(.\uart.lst) TABS(2) OBJECT(..\out\uart.obj)

line level    source

   1          
   2          #define AP_UART_GLOBALS 
   3          #include "extern_symbol.h" 
   4          
   5          
   6          /***************************************************
   7              T1定时器初始化
   8                                  7     6     5     4     3     2     1     0     Reset Value
   9          sfr SCON = 0x98; //Serial Control         SM0/FE SM1   SM2   REN   TB8   RB8    TI    RI    0000,0000
  10          SM0 SM1:
  11           0   0         同步移位寄存器   fosc/12
  12           0   1       10位异步收发         由定时器控制
  13           1   0         11位异步收发     fosc/32或fosc/64
  14           1   1         11位异步收发         由定时器控制
  15          P = PSW.0      P=1奇   P=0偶
  16          ***************************************************/
  17          void InitT1(void)
  18          {
  19   1        TMOD = (TMOD & 0x0f) | 0x20;  //8位自动重载定时器
  20   1        SCON = 0xd0;              //串行口工作模式3选择
  21   1        IP   = 0x10;            //PS set the high
  22   1        PCON  &= 0x7f;                  //SOMD =0
  23   1      
  24   1        //STC15W1K16S
  25   1      #if(MCUTYPE == STC15W1K16S)
  26   1        AUXR1 = 0x40;           //设置串口1在P3.6和 P3.7中
  27   1      #endif
  28   1        //波特率 38400
  29   1        AUXR |= 0x40;           //定时器1时钟为Fosc,即1T
  30   1        AUXR &= 0xfe;           //串口1选择定时器1为波特率发生器
  31   1        TL1 = 0xF7;               //设定定时初值
  32   1        TH1 = 0xF7;               //设定定时器重装值
  33   1      
  34   1      
  35   1        ET1  = 0;                       //close timer1 interrupt
  36   1        TR1  = 1;                     //open timer1
  37   1        ES   = 1;               //Enabled serial port interrrup 
  38   1        
  39   1          return;
  40   1      }
  41          /*******************************************************************************
  42                        串口初始化
  43            input :     none
  44            default:
  45                data bits:  8
  46                start bits: 1
  47                stop bits:  1
  48                parity:     NONE          
  49          *******************************************************************************/
  50          void UART_Init(void)
  51          {
  52   1        InitT1();      // T1做波特率发生器
  53   1        uart.rIndex = 0;   // 接收个数清0
  54   1        uart.rFlag  = OFF;   // 接收完成标志清除
C51 COMPILER V9.52.0.0   UART                                                              11/16/2016 13:22:41 PAGE 2   

  55   1        uart.rTimer = 0;   // 接收超时时间清0
  56   1      }
  57          
  58          /*******************************************************************************
  59                       串口中断函数
  60            input:   none     
  61            output:  none         
  62          *******************************************************************************/
  63          #define RCV_OVER_TIMER  2
  64          
  65          void SCON_int (void) interrupt 4
  66          {
  67   1      //        static UINT8 RX_CHAR;
  68   1      //        static UINT16 rx_cnt=0;
  69   1        if (RI)
  70   1        {
  71   2          RI = 0;
  72   2          if ( uart.rIndex >= UART_BUF_LEN ) 
  73   2            return;
  74   2          //当前帧未处理完毕时，不接收
  75   2          if(uart.rFlag == ON)
  76   2            return;
  77   2          uart.rBuffer[uart.rIndex++] = SBUF; 
  78   2          uart.rTimer = RCV_OVER_TIMER;
  79   2        }
  80   1      }
  81          /***********************************************
  82                  串口发送程序
  83          input :     *Ram    
  84                      len     
  85          output :    NONE
  86          ***********************************************/
  87          void SendSerialByte(UINT8 *Ram, INT8U len)//UINT16 len)
  88          { 
  89   1        LED_TXT_ON;;       // 开发送指示灯
  90   1        MAX485_SEND_EN;      // 使能485发送，关闭接收
  91   1          for(;len>0;len--)
  92   1          {
  93   2          ACC = *Ram;
  94   2          if(P == 0)
  95   2          {
  96   3            TB8 = 0;
  97   3          }
  98   2          else
  99   2          {
 100   3            TB8 =1;
 101   3          }
 102   2      
 103   2              SBUF = *Ram;           
 104   2              while(!TI){;}             
 105   2              TI = 0;
 106   2              Ram++;
 107   2          }
 108   1        MAX485_REV_EN;       // 使能485接收，关闭发送
 109   1        LED_TXT_OFF;       // 关发送指示灯
 110   1      }
 111          /*******************************************************************************
 112                          END         
 113          *******************************************************************************/


MODULE INFORMATION:   STATIC OVERLAYABLE
C51 COMPILER V9.52.0.0   UART                                                              11/16/2016 13:22:41 PAGE 3   

   CODE SIZE        =    173    ----
   CONSTANT SIZE    =   ----    ----
   XDATA SIZE       =   ----    ----
   PDATA SIZE       =   ----    ----
   DATA SIZE        =   ----    ----
   IDATA SIZE       =   ----    ----
   BIT SIZE         =   ----    ----
END OF MODULE INFORMATION.


C51 COMPILATION COMPLETE.  0 WARNING(S),  0 ERROR(S)
